TN:
SF:controllers\nasaController.js
FN:7,(anonymous_0)
FN:23,(anonymous_1)
FN:49,(anonymous_2)
FN:69,(anonymous_3)
FN:90,(anonymous_4)
FNF:5
FNH:5
FNDA:11,(anonymous_0)
FNDA:5,(anonymous_1)
FNDA:3,(anonymous_2)
FNDA:3,(anonymous_3)
FNDA:6,(anonymous_4)
DA:1,3
DA:3,3
DA:4,3
DA:7,3
DA:8,11
DA:9,11
DA:15,7
DA:17,4
DA:18,4
DA:23,3
DA:24,5
DA:25,5
DA:26,5
DA:32,3
DA:34,2
DA:49,3
DA:50,3
DA:51,3
DA:52,3
DA:53,1
DA:56,2
DA:58,1
DA:60,1
DA:62,1
DA:63,1
DA:69,3
DA:70,3
DA:71,3
DA:72,3
DA:74,3
DA:83,2
DA:85,1
DA:90,3
DA:91,6
DA:92,6
DA:94,6
DA:95,3
DA:100,3
DA:104,2
DA:106,1
LF:40
LH:40
BRDA:7,0,0,0
BRDA:52,1,0,1
BRDA:52,1,1,2
BRDA:94,2,0,3
BRDA:94,2,1,3
BRDA:94,3,0,6
BRDA:94,3,1,5
BRF:7
BRH:6
end_of_record
TN:
SF:middleware\errorHandler.js
FN:1,(anonymous_0)
FNF:1
FNH:1
FNDA:5,(anonymous_0)
DA:1,3
DA:2,5
DA:5,5
DA:6,1
DA:13,4
DA:14,2
DA:21,2
DA:30,3
LF:8
LH:8
BRDA:5,0,0,1
BRDA:5,0,1,4
BRDA:13,1,0,2
BRDA:13,1,1,2
BRDA:24,2,0,1
BRDA:24,2,1,1
BRF:6
BRH:6
end_of_record
TN:
SF:routes\nasa.js
FNF:0
FNH:0
DA:1,2
DA:2,2
DA:3,2
DA:6,2
DA:10,2
DA:13,2
DA:16,2
DA:18,2
LF:8
LH:8
BRF:0
BRH:0
end_of_record
